<?xml version="1.0" encoding="UTF-8"?>
<testng-results skipped="0" failed="0" ignored="0" total="1" passed="1">
  <reporter-output>
    <line>
      <![CDATA[User successfully signed in]]>
    </line>
    <line>
      <![CDATA[Title string comparred successfully]]>
    </line>
  </reporter-output>
  <suite name="Suite" duration-ms="177245" started-at="2018-06-28T17:24:37Z" finished-at="2018-06-28T17:27:34Z">
    <groups>
    </groups>
    <test name="Test" duration-ms="177245" started-at="2018-06-28T17:24:37Z" finished-at="2018-06-28T17:27:34Z">
      <class name="in.infosys.testcases.ebay.test">
        <test-method status="PASS" signature="ebaytest()[pri:0, instance:in.infosys.testcases.ebay.test@60285225]" name="ebaytest" duration-ms="177208" started-at="2018-06-28T17:24:37Z" finished-at="2018-06-28T17:27:34Z">
          <reporter-output>
            <line>
              <![CDATA[User successfully signed in]]>
            </line>
            <line>
              <![CDATA[Title string comparred successfully]]>
            </line>
          </reporter-output>
        </test-method> <!-- ebaytest -->
      </class> <!-- in.infosys.testcases.ebay.test -->
    </test> <!-- Test -->
  </suite> <!-- Suite -->
</testng-results>
